  [1m[35m (295.2ms)[0m  [1m[35mCREATE DATABASE "TodoApp_development" ENCODING = 'unicode'[0m
  ↳ bin/rails:9
  [1m[35m (44.1ms)[0m  [1m[35mCREATE DATABASE "TodoApp_test" ENCODING = 'unicode'[0m
  ↳ bin/rails:9
  [1m[35m (36.5ms)[0m  [1m[35mCREATE TABLE "schema_migrations" ("version" character varying NOT NULL PRIMARY KEY)[0m
  ↳ bin/rails:9
  [1m[35m (7.1ms)[0m  [1m[35mCREATE TABLE "ar_internal_metadata" ("key" character varying NOT NULL PRIMARY KEY, "value" character varying, "created_at" timestamp NOT NULL, "updated_at" timestamp NOT NULL)[0m
  ↳ bin/rails:9
  [1m[35m (6.1ms)[0m  [1m[34mSELECT pg_try_advisory_lock(482032964857270260)[0m
  ↳ bin/rails:9
  [1m[35m (1.5ms)[0m  [1m[34mSELECT "schema_migrations"."version" FROM "schema_migrations" ORDER BY "schema_migrations"."version" ASC[0m
  ↳ bin/rails:9
Migrating to CreateTodos (20211111225318)
  [1m[35m (0.1ms)[0m  [1m[35mBEGIN[0m
  ↳ bin/rails:9
  [1m[35m (101.5ms)[0m  [1m[35mCREATE TABLE "todos" ("id" bigserial primary key, "title" character varying NOT NULL, "body" character varying NOT NULL, "done" boolean NOT NULL, "created_at" timestamp NOT NULL, "updated_at" timestamp NOT NULL)[0m
  ↳ db/migrate/20211111225318_create_todos.rb:3
  [1m[35m (2.4ms)[0m  [1m[35mCREATE  INDEX  "index_todos_on_title" ON "todos"  ("title")[0m
  ↳ db/migrate/20211111225318_create_todos.rb:9
  [1m[36mActiveRecord::SchemaMigration Create (2.3ms)[0m  [1m[32mINSERT INTO "schema_migrations" ("version") VALUES ($1) RETURNING "version"[0m  [["version", "20211111225318"]]
  ↳ bin/rails:9
  [1m[35m (0.7ms)[0m  [1m[35mCOMMIT[0m
  ↳ bin/rails:9
  [1m[36mActiveRecord::InternalMetadata Load (1.4ms)[0m  [1m[34mSELECT  "ar_internal_metadata".* FROM "ar_internal_metadata" WHERE "ar_internal_metadata"."key" = $1 LIMIT $2[0m  [["key", "environment"], ["LIMIT", 1]]
  ↳ bin/rails:9
  [1m[35m (0.2ms)[0m  [1m[35mBEGIN[0m
  ↳ bin/rails:9
  [1m[36mActiveRecord::InternalMetadata Create (2.0ms)[0m  [1m[32mINSERT INTO "ar_internal_metadata" ("key", "value", "created_at", "updated_at") VALUES ($1, $2, $3, $4) RETURNING "key"[0m  [["key", "environment"], ["value", "development"], ["created_at", "2021-11-11 22:57:52.501159"], ["updated_at", "2021-11-11 22:57:52.501159"]]
  ↳ bin/rails:9
  [1m[35m (0.3ms)[0m  [1m[35mCOMMIT[0m
  ↳ bin/rails:9
  [1m[35m (0.3ms)[0m  [1m[34mSELECT pg_advisory_unlock(482032964857270260)[0m
  ↳ bin/rails:9
  [1m[35m (0.6ms)[0m  [1m[34mSELECT "schema_migrations"."version" FROM "schema_migrations" ORDER BY "schema_migrations"."version" ASC[0m
  ↳ bin/rails:9
  [1m[35m (0.6ms)[0m  [1m[34mSELECT "schema_migrations"."version" FROM "schema_migrations" ORDER BY "schema_migrations"."version" ASC[0m
  ↳ bin/rails:9
  [1m[35m (0.4ms)[0m  [1m[35mBEGIN[0m
  [1m[36mTodo Create (8.8ms)[0m  [1m[32mINSERT INTO "todos" ("title", "body", "done", "created_at", "updated_at") VALUES ($1, $2, $3, $4, $5) RETURNING "id"[0m  [["title", "Do Stuff"], ["body", "Over there"], ["done", false], ["created_at", "2021-11-11 22:59:10.633695"], ["updated_at", "2021-11-11 22:59:10.633695"]]
  [1m[35m (11.8ms)[0m  [1m[35mCOMMIT[0m
  [1m[36mTodo Load (2.3ms)[0m  [1m[34mSELECT "todos".* FROM "todos"[0m
  [1m[36mTodo Load (0.6ms)[0m  [1m[34mSELECT  "todos".* FROM "todos" ORDER BY "todos"."id" ASC LIMIT $1[0m  [["LIMIT", 1]]
  [1m[35m (4.5ms)[0m  [1m[34mSELECT "schema_migrations"."version" FROM "schema_migrations" ORDER BY "schema_migrations"."version" ASC[0m
  ↳ bin/rails:9
  [1m[35m (4.7ms)[0m  [1m[35mBEGIN[0m
  ↳ db/seeds.rb:9
  [1m[36mTodo Load (8.9ms)[0m  [1m[34mSELECT "todos".* FROM "todos"[0m
  ↳ db/seeds.rb:10
  [1m[36mTodo Destroy (7.5ms)[0m  [1m[31mDELETE FROM "todos" WHERE "todos"."id" = $1[0m  [["id", 1]]
  ↳ db/seeds.rb:10
  [1m[36mTodo Create (10.5ms)[0m  [1m[32mINSERT INTO "todos" ("title", "body", "done", "created_at", "updated_at") VALUES ($1, $2, $3, $4, $5) RETURNING "id"[0m  [["title", "This is first todo"], ["body", "First Body"], ["done", false], ["created_at", "2021-11-11 23:20:52.685756"], ["updated_at", "2021-11-11 23:20:52.685756"]]
  ↳ db/seeds.rb:12
  [1m[36mTodo Create (0.9ms)[0m  [1m[32mINSERT INTO "todos" ("title", "body", "done", "created_at", "updated_at") VALUES ($1, $2, $3, $4, $5) RETURNING "id"[0m  [["title", "This is second todo"], ["body", "second Body"], ["done", false], ["created_at", "2021-11-11 23:20:52.697474"], ["updated_at", "2021-11-11 23:20:52.697474"]]
  ↳ db/seeds.rb:13
  [1m[36mTodo Create (0.5ms)[0m  [1m[32mINSERT INTO "todos" ("title", "body", "done", "created_at", "updated_at") VALUES ($1, $2, $3, $4, $5) RETURNING "id"[0m  [["title", "This is third todo"], ["body", "third Body"], ["done", false], ["created_at", "2021-11-11 23:20:52.698902"], ["updated_at", "2021-11-11 23:20:52.698902"]]
  ↳ db/seeds.rb:14
  [1m[36mTodo Create (0.3ms)[0m  [1m[32mINSERT INTO "todos" ("title", "body", "done", "created_at", "updated_at") VALUES ($1, $2, $3, $4, $5) RETURNING "id"[0m  [["title", "This is fourth todo"], ["body", "fourth Body"], ["done", false], ["created_at", "2021-11-11 23:20:52.699756"], ["updated_at", "2021-11-11 23:20:52.699756"]]
  ↳ db/seeds.rb:15
  [1m[35m (1.9ms)[0m  [1m[35mCOMMIT[0m
  ↳ db/seeds.rb:9
  [1m[36mTodo Load (1.4ms)[0m  [1m[34mSELECT "todos".* FROM "todos"[0m
  [1m[36mTodo Load (1.5ms)[0m  [1m[34mSELECT  "todos".* FROM "todos" ORDER BY "todos"."id" ASC LIMIT $1[0m  [["LIMIT", 1]]
  [1m[35m (0.7ms)[0m  [1m[34mSELECT "schema_migrations"."version" FROM "schema_migrations" ORDER BY "schema_migrations"."version" ASC[0m
  ↳ bin/rails:9
  [1m[35m (7.0ms)[0m  [1m[34mSELECT "ar_internal_metadata"."value" FROM "ar_internal_metadata" WHERE "ar_internal_metadata"."key" = $1[0m  [["key", "environment"]]
  ↳ bin/rails:9
  [1m[35m (0.4ms)[0m  [1m[34mSELECT "schema_migrations"."version" FROM "schema_migrations" ORDER BY "schema_migrations"."version" ASC[0m
  ↳ bin/rails:9
  [1m[35m (2.5ms)[0m  [1m[34mSELECT "ar_internal_metadata"."value" FROM "ar_internal_metadata" WHERE "ar_internal_metadata"."key" = $1[0m  [["key", "environment"]]
  ↳ bin/rails:9
  [1m[35m (0.3ms)[0m  [1m[34mSELECT "schema_migrations"."version" FROM "schema_migrations" ORDER BY "schema_migrations"."version" ASC[0m
  ↳ bin/rails:9
  [1m[35m (0.2ms)[0m  [1m[34mSELECT "ar_internal_metadata"."value" FROM "ar_internal_metadata" WHERE "ar_internal_metadata"."key" = $1[0m  [["key", "environment"]]
  ↳ bin/rails:9
  [1m[35m (29.9ms)[0m  [1m[35mDROP DATABASE IF EXISTS "TodoApp_development"[0m
  ↳ bin/rails:9
  [1m[35m (24.0ms)[0m  [1m[35mDROP DATABASE IF EXISTS "TodoApp_test"[0m
  ↳ bin/rails:9
  [1m[35m (137.0ms)[0m  [1m[35mCREATE DATABASE "TodoApp_development" ENCODING = 'unicode'[0m
  ↳ bin/rails:9
  [1m[35m (51.6ms)[0m  [1m[35mCREATE DATABASE "TodoApp_test" ENCODING = 'unicode'[0m
  ↳ bin/rails:9
  [1m[35mSQL (0.9ms)[0m  [1m[35mCREATE EXTENSION IF NOT EXISTS "plpgsql"[0m
  ↳ db/schema.rb:16
  [1m[35m (1.2ms)[0m  [1m[35mDROP TABLE IF EXISTS "todos" CASCADE[0m
  ↳ db/schema.rb:18
  [1m[35m (16.5ms)[0m  [1m[35mCREATE TABLE "todos" ("id" bigserial primary key, "title" character varying NOT NULL, "body" character varying NOT NULL, "done" boolean NOT NULL, "created_at" timestamp NOT NULL, "updated_at" timestamp NOT NULL)[0m
  ↳ db/schema.rb:18
  [1m[35m (1.1ms)[0m  [1m[35mCREATE  INDEX  "index_todos_on_title" ON "todos"  ("title")[0m
  ↳ db/schema.rb:18
  [1m[35m (2.0ms)[0m  [1m[35mCREATE TABLE "schema_migrations" ("version" character varying NOT NULL PRIMARY KEY)[0m
  ↳ db/schema.rb:13
  [1m[35m (0.4ms)[0m  [1m[34mSELECT "schema_migrations"."version" FROM "schema_migrations" ORDER BY "schema_migrations"."version" ASC[0m
  ↳ db/schema.rb:13
  [1m[35m (3.1ms)[0m  [1m[32mINSERT INTO "schema_migrations" (version) VALUES (20211111225318)[0m
  ↳ db/schema.rb:13
  [1m[35m (2.0ms)[0m  [1m[35mCREATE TABLE "ar_internal_metadata" ("key" character varying NOT NULL PRIMARY KEY, "value" character varying, "created_at" timestamp NOT NULL, "updated_at" timestamp NOT NULL)[0m
  ↳ db/schema.rb:13
  [1m[36mActiveRecord::InternalMetadata Load (0.3ms)[0m  [1m[34mSELECT  "ar_internal_metadata".* FROM "ar_internal_metadata" WHERE "ar_internal_metadata"."key" = $1 LIMIT $2[0m  [["key", "environment"], ["LIMIT", 1]]
  ↳ db/schema.rb:13
  [1m[35m (0.1ms)[0m  [1m[35mBEGIN[0m
  ↳ db/schema.rb:13
  [1m[36mActiveRecord::InternalMetadata Create (0.4ms)[0m  [1m[32mINSERT INTO "ar_internal_metadata" ("key", "value", "created_at", "updated_at") VALUES ($1, $2, $3, $4) RETURNING "key"[0m  [["key", "environment"], ["value", "development"], ["created_at", "2021-11-11 23:21:39.999811"], ["updated_at", "2021-11-11 23:21:39.999811"]]
  ↳ db/schema.rb:13
  [1m[35m (0.2ms)[0m  [1m[35mCOMMIT[0m
  ↳ db/schema.rb:13
  [1m[36mActiveRecord::InternalMetadata Load (0.1ms)[0m  [1m[34mSELECT  "ar_internal_metadata".* FROM "ar_internal_metadata" WHERE "ar_internal_metadata"."key" = $1 LIMIT $2[0m  [["key", "environment"], ["LIMIT", 1]]
  ↳ bin/rails:9
  [1m[35m (0.0ms)[0m  [1m[35mBEGIN[0m
  ↳ bin/rails:9
  [1m[35m (0.0ms)[0m  [1m[35mCOMMIT[0m
  ↳ bin/rails:9
  [1m[35mSQL (0.3ms)[0m  [1m[35mCREATE EXTENSION IF NOT EXISTS "plpgsql"[0m
  ↳ db/schema.rb:16
  [1m[35m (0.1ms)[0m  [1m[35mDROP TABLE IF EXISTS "todos" CASCADE[0m
  ↳ db/schema.rb:18
  [1m[35m (5.5ms)[0m  [1m[35mCREATE TABLE "todos" ("id" bigserial primary key, "title" character varying NOT NULL, "body" character varying NOT NULL, "done" boolean NOT NULL, "created_at" timestamp NOT NULL, "updated_at" timestamp NOT NULL)[0m
  ↳ db/schema.rb:18
  [1m[35m (0.9ms)[0m  [1m[35mCREATE  INDEX  "index_todos_on_title" ON "todos"  ("title")[0m
  ↳ db/schema.rb:18
  [1m[35m (2.0ms)[0m  [1m[35mCREATE TABLE "schema_migrations" ("version" character varying NOT NULL PRIMARY KEY)[0m
  ↳ db/schema.rb:13
  [1m[35m (0.6ms)[0m  [1m[34mSELECT "schema_migrations"."version" FROM "schema_migrations" ORDER BY "schema_migrations"."version" ASC[0m
  ↳ db/schema.rb:13
  [1m[35m (0.4ms)[0m  [1m[32mINSERT INTO "schema_migrations" (version) VALUES (20211111225318)[0m
  ↳ db/schema.rb:13
  [1m[35m (2.2ms)[0m  [1m[35mCREATE TABLE "ar_internal_metadata" ("key" character varying NOT NULL PRIMARY KEY, "value" character varying, "created_at" timestamp NOT NULL, "updated_at" timestamp NOT NULL)[0m
  ↳ db/schema.rb:13
  [1m[36mActiveRecord::InternalMetadata Load (1.0ms)[0m  [1m[34mSELECT  "ar_internal_metadata".* FROM "ar_internal_metadata" WHERE "ar_internal_metadata"."key" = $1 LIMIT $2[0m  [["key", "environment"], ["LIMIT", 1]]
  ↳ db/schema.rb:13
  [1m[35m (0.1ms)[0m  [1m[35mBEGIN[0m
  ↳ db/schema.rb:13
  [1m[36mActiveRecord::InternalMetadata Create (0.6ms)[0m  [1m[32mINSERT INTO "ar_internal_metadata" ("key", "value", "created_at", "updated_at") VALUES ($1, $2, $3, $4) RETURNING "key"[0m  [["key", "environment"], ["value", "development"], ["created_at", "2021-11-11 23:21:40.045092"], ["updated_at", "2021-11-11 23:21:40.045092"]]
  ↳ db/schema.rb:13
  [1m[35m (0.2ms)[0m  [1m[35mCOMMIT[0m
  ↳ db/schema.rb:13
  [1m[36mActiveRecord::InternalMetadata Load (0.2ms)[0m  [1m[34mSELECT  "ar_internal_metadata".* FROM "ar_internal_metadata" WHERE "ar_internal_metadata"."key" = $1 LIMIT $2[0m  [["key", "environment"], ["LIMIT", 1]]
  ↳ bin/rails:9
  [1m[35m (0.0ms)[0m  [1m[35mBEGIN[0m
  ↳ bin/rails:9
  [1m[36mActiveRecord::InternalMetadata Update (0.2ms)[0m  [1m[33mUPDATE "ar_internal_metadata" SET "value" = $1, "updated_at" = $2 WHERE "ar_internal_metadata"."key" = $3[0m  [["value", "test"], ["updated_at", "2021-11-11 23:21:40.049990"], ["key", "environment"]]
  ↳ bin/rails:9
  [1m[35m (0.2ms)[0m  [1m[35mCOMMIT[0m
  ↳ bin/rails:9
  [1m[35m (0.8ms)[0m  [1m[34mSELECT "schema_migrations"."version" FROM "schema_migrations" ORDER BY "schema_migrations"."version" ASC[0m
  ↳ bin/rails:9
  [1m[35m (0.1ms)[0m  [1m[35mBEGIN[0m
  ↳ db/seeds.rb:9
  [1m[36mTodo Load (0.5ms)[0m  [1m[34mSELECT "todos".* FROM "todos"[0m
  ↳ db/seeds.rb:10
  [1m[36mTodo Create (0.8ms)[0m  [1m[32mINSERT INTO "todos" ("title", "body", "done", "created_at", "updated_at") VALUES ($1, $2, $3, $4, $5) RETURNING "id"[0m  [["title", "This is first todo"], ["body", "First Body"], ["done", false], ["created_at", "2021-11-11 23:21:40.079237"], ["updated_at", "2021-11-11 23:21:40.079237"]]
  ↳ db/seeds.rb:12
  [1m[36mTodo Create (0.3ms)[0m  [1m[32mINSERT INTO "todos" ("title", "body", "done", "created_at", "updated_at") VALUES ($1, $2, $3, $4, $5) RETURNING "id"[0m  [["title", "This is second todo"], ["body", "second Body"], ["done", false], ["created_at", "2021-11-11 23:21:40.081421"], ["updated_at", "2021-11-11 23:21:40.081421"]]
  ↳ db/seeds.rb:13
  [1m[36mTodo Create (0.2ms)[0m  [1m[32mINSERT INTO "todos" ("title", "body", "done", "created_at", "updated_at") VALUES ($1, $2, $3, $4, $5) RETURNING "id"[0m  [["title", "This is third todo"], ["body", "third Body"], ["done", false], ["created_at", "2021-11-11 23:21:40.082666"], ["updated_at", "2021-11-11 23:21:40.082666"]]
  ↳ db/seeds.rb:14
  [1m[36mTodo Create (0.1ms)[0m  [1m[32mINSERT INTO "todos" ("title", "body", "done", "created_at", "updated_at") VALUES ($1, $2, $3, $4, $5) RETURNING "id"[0m  [["title", "This is fourth todo"], ["body", "fourth Body"], ["done", false], ["created_at", "2021-11-11 23:21:40.083467"], ["updated_at", "2021-11-11 23:21:40.083467"]]
  ↳ db/seeds.rb:15
  [1m[35m (0.4ms)[0m  [1m[35mCOMMIT[0m
  ↳ db/seeds.rb:9
  [1m[36mTodo Load (1.4ms)[0m  [1m[34mSELECT "todos".* FROM "todos"[0m
Started GET "/" for ::1 at 2021-11-11 15:29:34 -0800
  [1m[35m (13.4ms)[0m  [1m[34mSELECT "schema_migrations"."version" FROM "schema_migrations" ORDER BY "schema_migrations"."version" ASC[0m
  ↳ /Users/alex/.rbenv/versions/2.5.1/lib/ruby/gems/2.5.0/gems/activerecord-5.2.6/lib/active_record/log_subscriber.rb:98

ActionController::RoutingError - uninitialized constant StaticchangesController:

Started POST "/__better_errors/1f70418053f7d2f7/variables" for ::1 at 2021-11-11 15:29:34 -0800
Started GET "/" for ::1 at 2021-11-11 15:32:49 -0800
Processing by StaticPagesController#root as HTML
  Rendering static_pages/root.html.erb within layouts/application
  Rendered static_pages/root.html.erb within layouts/application (0.9ms)
Completed 200 OK in 1927ms (Views: 1926.8ms | ActiveRecord: 0.0ms)


Started GET "/" for ::1 at 2021-11-11 15:32:58 -0800
Processing by StaticPagesController#root as HTML
  Rendering static_pages/root.html.erb within layouts/application
  Rendered static_pages/root.html.erb within layouts/application (0.5ms)
Completed 200 OK in 17ms (Views: 17.1ms | ActiveRecord: 0.0ms)


Started GET "/api/todos" for ::1 at 2021-11-11 15:34:45 -0800
Processing by Api::TodosController#index as JSON
  [1m[36mTodo Load (20.6ms)[0m  [1m[34mSELECT "todos".* FROM "todos"[0m
  ↳ app/controllers/api/todos_controller.rb:4
Completed 200 OK in 84ms (Views: 6.1ms | ActiveRecord: 75.7ms)


Started GET "/" for ::1 at 2021-11-11 15:35:16 -0800
Processing by StaticPagesController#root as HTML
  Rendering static_pages/root.html.erb within layouts/application
  Rendered static_pages/root.html.erb within layouts/application (0.6ms)
Completed 200 OK in 156ms (Views: 155.7ms | ActiveRecord: 0.0ms)


Started GET "/api/todos" for ::1 at 2021-11-11 15:35:19 -0800
Processing by Api::TodosController#index as JSON
  [1m[36mTodo Load (4.4ms)[0m  [1m[34mSELECT "todos".* FROM "todos"[0m
  ↳ app/controllers/api/todos_controller.rb:4
Completed 200 OK in 8ms (Views: 2.6ms | ActiveRecord: 4.4ms)


Started GET "/" for ::1 at 2021-11-11 15:36:37 -0800
Processing by StaticPagesController#root as HTML
  Rendering static_pages/root.html.erb within layouts/application
  Rendered static_pages/root.html.erb within layouts/application (0.7ms)
Completed 200 OK in 256ms (Views: 256.0ms | ActiveRecord: 0.0ms)


Started GET "/" for ::1 at 2021-11-11 15:36:51 -0800
Processing by StaticPagesController#root as HTML
  Rendering static_pages/root.html.erb within layouts/application
  Rendered static_pages/root.html.erb within layouts/application (0.6ms)
Completed 200 OK in 242ms (Views: 241.5ms | ActiveRecord: 0.0ms)


Started GET "/" for ::1 at 2021-11-11 16:04:53 -0800
Processing by StaticPagesController#root as HTML
  Rendering static_pages/root.html.erb within layouts/application
  Rendered static_pages/root.html.erb within layouts/application (2.9ms)
Completed 200 OK in 298ms (Views: 298.0ms | ActiveRecord: 0.0ms)


Started GET "/" for ::1 at 2021-11-11 16:09:45 -0800
Processing by StaticPagesController#root as HTML
  Rendering static_pages/root.html.erb within layouts/application
  Rendered static_pages/root.html.erb within layouts/application (0.7ms)
Completed 200 OK in 272ms (Views: 271.8ms | ActiveRecord: 0.0ms)


Started GET "/" for ::1 at 2021-11-11 16:12:53 -0800
Processing by StaticPagesController#root as HTML
  Rendering static_pages/root.html.erb within layouts/application
  Rendered static_pages/root.html.erb within layouts/application (0.6ms)
Completed 200 OK in 263ms (Views: 262.1ms | ActiveRecord: 0.0ms)


Started GET "/api/todos" for ::1 at 2021-11-11 16:13:24 -0800
Processing by Api::TodosController#index as JSON
  [1m[36mTodo Load (8.7ms)[0m  [1m[34mSELECT "todos".* FROM "todos"[0m
  ↳ app/controllers/api/todos_controller.rb:4
Completed 200 OK in 12ms (Views: 2.9ms | ActiveRecord: 8.7ms)


Started GET "/" for ::1 at 2021-11-11 16:21:44 -0800
Processing by StaticPagesController#root as HTML
  Rendering static_pages/root.html.erb within layouts/application
  Rendered static_pages/root.html.erb within layouts/application (0.9ms)
Completed 200 OK in 275ms (Views: 275.1ms | ActiveRecord: 0.0ms)


Started GET "/api/todos" for ::1 at 2021-11-11 16:21:47 -0800
Processing by Api::TodosController#index as JSON
  [1m[36mTodo Load (14.7ms)[0m  [1m[34mSELECT "todos".* FROM "todos"[0m
  ↳ app/controllers/api/todos_controller.rb:4
Completed 200 OK in 20ms (Views: 4.7ms | ActiveRecord: 14.7ms)


Started GET "/" for ::1 at 2021-11-11 16:22:24 -0800
Processing by StaticPagesController#root as HTML
  Rendering static_pages/root.html.erb within layouts/application
  Rendered static_pages/root.html.erb within layouts/application (0.6ms)
Completed 200 OK in 25ms (Views: 24.3ms | ActiveRecord: 0.0ms)


Started GET "/api/todos" for ::1 at 2021-11-11 16:22:28 -0800
Processing by Api::TodosController#index as JSON
  [1m[36mTodo Load (1.1ms)[0m  [1m[34mSELECT "todos".* FROM "todos"[0m
  ↳ app/controllers/api/todos_controller.rb:4
Completed 200 OK in 5ms (Views: 3.5ms | ActiveRecord: 1.1ms)


Started GET "/" for ::1 at 2021-11-11 16:23:49 -0800
Processing by StaticPagesController#root as HTML
  Rendering static_pages/root.html.erb within layouts/application
  Rendered static_pages/root.html.erb within layouts/application (6.6ms)
Completed 200 OK in 296ms (Views: 295.3ms | ActiveRecord: 0.0ms)


Started GET "/api/todos" for ::1 at 2021-11-11 16:23:56 -0800
Processing by Api::TodosController#index as JSON
  [1m[36mTodo Load (1.9ms)[0m  [1m[34mSELECT "todos".* FROM "todos"[0m
  ↳ app/controllers/api/todos_controller.rb:4
Completed 200 OK in 5ms (Views: 2.5ms | ActiveRecord: 1.9ms)


Started GET "/api/todos" for ::1 at 2021-11-11 16:24:12 -0800
Processing by Api::TodosController#index as JSON
  [1m[36mTodo Load (1.2ms)[0m  [1m[34mSELECT "todos".* FROM "todos"[0m
  ↳ app/controllers/api/todos_controller.rb:4
Completed 200 OK in 3ms (Views: 1.8ms | ActiveRecord: 1.2ms)


Started GET "/api/todos" for ::1 at 2021-11-11 16:25:05 -0800
Processing by Api::TodosController#index as JSON
  [1m[36mTodo Load (1.3ms)[0m  [1m[34mSELECT "todos".* FROM "todos"[0m
  ↳ app/controllers/api/todos_controller.rb:4
Completed 200 OK in 4ms (Views: 2.4ms | ActiveRecord: 1.3ms)


Started GET "/" for ::1 at 2021-11-11 16:29:25 -0800
Processing by StaticPagesController#root as HTML
  Rendering static_pages/root.html.erb within layouts/application
  Rendered static_pages/root.html.erb within layouts/application (0.7ms)
Completed 200 OK in 285ms (Views: 285.0ms | ActiveRecord: 0.0ms)


Started GET "/" for ::1 at 2021-11-11 16:30:04 -0800
Processing by StaticPagesController#root as HTML
  Rendering static_pages/root.html.erb within layouts/application
  Rendered static_pages/root.html.erb within layouts/application (0.8ms)
Completed 200 OK in 263ms (Views: 258.8ms | ActiveRecord: 0.0ms)


Started GET "/" for ::1 at 2021-11-11 16:30:23 -0800
Processing by StaticPagesController#root as HTML
  Rendering static_pages/root.html.erb within layouts/application
  Rendered static_pages/root.html.erb within layouts/application (0.8ms)
Completed 200 OK in 236ms (Views: 235.8ms | ActiveRecord: 0.0ms)


Started GET "/api/todos" for ::1 at 2021-11-11 16:30:24 -0800
Processing by Api::TodosController#index as JSON
  [1m[36mTodo Load (6.6ms)[0m  [1m[34mSELECT "todos".* FROM "todos"[0m
  ↳ app/controllers/api/todos_controller.rb:4
Completed 200 OK in 19ms (Views: 12.4ms | ActiveRecord: 6.6ms)


Started GET "/" for ::1 at 2021-11-11 16:30:30 -0800
Processing by StaticPagesController#root as HTML
  Rendering static_pages/root.html.erb within layouts/application
  Rendered static_pages/root.html.erb within layouts/application (0.4ms)
Completed 200 OK in 19ms (Views: 18.7ms | ActiveRecord: 0.0ms)


Started GET "/api/todos" for ::1 at 2021-11-11 16:30:31 -0800
Processing by Api::TodosController#index as JSON
  [1m[36mTodo Load (14.9ms)[0m  [1m[34mSELECT "todos".* FROM "todos"[0m
  ↳ app/controllers/api/todos_controller.rb:4
Completed 200 OK in 25ms (Views: 9.2ms | ActiveRecord: 14.9ms)


Started GET "/" for ::1 at 2021-11-11 16:30:51 -0800
Processing by StaticPagesController#root as HTML
  Rendering static_pages/root.html.erb within layouts/application
  Rendered static_pages/root.html.erb within layouts/application (0.8ms)
Completed 200 OK in 29ms (Views: 29.1ms | ActiveRecord: 0.0ms)


Started GET "/api/todos" for ::1 at 2021-11-11 16:30:52 -0800
Processing by Api::TodosController#index as JSON
  [1m[36mTodo Load (2.0ms)[0m  [1m[34mSELECT "todos".* FROM "todos"[0m
  ↳ app/controllers/api/todos_controller.rb:4
Completed 200 OK in 7ms (Views: 4.3ms | ActiveRecord: 2.0ms)


Started GET "/" for ::1 at 2021-11-11 16:30:52 -0800
Processing by StaticPagesController#root as HTML
  Rendering static_pages/root.html.erb within layouts/application
  Rendered static_pages/root.html.erb within layouts/application (0.4ms)
Completed 200 OK in 17ms (Views: 17.1ms | ActiveRecord: 0.0ms)


Started GET "/api/todos" for ::1 at 2021-11-11 16:30:52 -0800
Processing by Api::TodosController#index as JSON
  [1m[36mTodo Load (1.8ms)[0m  [1m[34mSELECT "todos".* FROM "todos"[0m
  ↳ app/controllers/api/todos_controller.rb:4
Completed 200 OK in 6ms (Views: 3.8ms | ActiveRecord: 1.8ms)


Started GET "/" for ::1 at 2021-11-11 16:30:55 -0800
Processing by StaticPagesController#root as HTML
  Rendering static_pages/root.html.erb within layouts/application
  Rendered static_pages/root.html.erb within layouts/application (0.5ms)
Completed 200 OK in 18ms (Views: 18.1ms | ActiveRecord: 0.0ms)


Started GET "/api/todos" for ::1 at 2021-11-11 16:30:56 -0800
Processing by Api::TodosController#index as JSON
  [1m[36mTodo Load (10.3ms)[0m  [1m[34mSELECT "todos".* FROM "todos"[0m
  ↳ app/controllers/api/todos_controller.rb:4
Completed 200 OK in 19ms (Views: 8.0ms | ActiveRecord: 10.3ms)


Started GET "/" for ::1 at 2021-11-11 16:35:59 -0800
Processing by StaticPagesController#root as HTML
  Rendering static_pages/root.html.erb within layouts/application
  Rendered static_pages/root.html.erb within layouts/application (0.8ms)
Completed 200 OK in 283ms (Views: 282.1ms | ActiveRecord: 0.0ms)


Started GET "/api/todos" for ::1 at 2021-11-11 16:36:00 -0800
Processing by Api::TodosController#index as JSON
  [1m[36mTodo Load (8.8ms)[0m  [1m[34mSELECT "todos".* FROM "todos"[0m
  ↳ app/controllers/api/todos_controller.rb:4
Completed 200 OK in 38ms (Views: 29.1ms | ActiveRecord: 8.8ms)


Started POST "/api/todos" for ::1 at 2021-11-11 16:36:14 -0800
Processing by Api::TodosController#create as JSON
  Parameters: {"todo"=>{"title"=>"This is fifth ", "body"=>"safadsf", "done"=>"false", "id"=>"677"}}
Unpermitted parameter: :id
  [1m[35m (3.6ms)[0m  [1m[35mBEGIN[0m
  ↳ app/controllers/api/todos_controller.rb:14
  [1m[36mTodo Create (35.6ms)[0m  [1m[32mINSERT INTO "todos" ("title", "body", "done", "created_at", "updated_at") VALUES ($1, $2, $3, $4, $5) RETURNING "id"[0m  [["title", "This is fifth "], ["body", "safadsf"], ["done", false], ["created_at", "2021-11-12 00:36:14.247666"], ["updated_at", "2021-11-12 00:36:14.247666"]]
  ↳ app/controllers/api/todos_controller.rb:14
  [1m[35m (2.2ms)[0m  [1m[35mCOMMIT[0m
  ↳ app/controllers/api/todos_controller.rb:14
Completed 200 OK in 48ms (Views: 0.8ms | ActiveRecord: 41.4ms)


Started GET "/" for ::1 at 2021-11-11 16:36:16 -0800
Processing by StaticPagesController#root as HTML
  Rendering static_pages/root.html.erb within layouts/application
  Rendered static_pages/root.html.erb within layouts/application (0.4ms)
Completed 200 OK in 20ms (Views: 20.0ms | ActiveRecord: 0.0ms)


Started GET "/api/todos" for ::1 at 2021-11-11 16:36:16 -0800
Processing by Api::TodosController#index as JSON
  [1m[36mTodo Load (2.0ms)[0m  [1m[34mSELECT "todos".* FROM "todos"[0m
  ↳ app/controllers/api/todos_controller.rb:4
Completed 200 OK in 32ms (Views: 28.3ms | ActiveRecord: 2.0ms)


Started GET "/" for ::1 at 2021-11-11 16:37:30 -0800
Processing by StaticPagesController#root as HTML
  Rendering static_pages/root.html.erb within layouts/application
  Rendered static_pages/root.html.erb within layouts/application (0.7ms)
Completed 200 OK in 285ms (Views: 284.9ms | ActiveRecord: 0.0ms)


Started GET "/api/todos" for ::1 at 2021-11-11 16:37:31 -0800
Processing by Api::TodosController#index as JSON
  [1m[36mTodo Load (2.8ms)[0m  [1m[34mSELECT "todos".* FROM "todos"[0m
  ↳ app/controllers/api/todos_controller.rb:4
Completed 200 OK in 34ms (Views: 30.8ms | ActiveRecord: 2.8ms)


Started GET "/" for ::1 at 2021-11-11 16:51:20 -0800
Processing by StaticPagesController#root as HTML
  Rendering static_pages/root.html.erb within layouts/application
  Rendered static_pages/root.html.erb within layouts/application (0.8ms)
Completed 200 OK in 268ms (Views: 267.6ms | ActiveRecord: 0.0ms)


Started GET "/api/todos" for ::1 at 2021-11-11 16:51:20 -0800
Processing by Api::TodosController#index as JSON
  [1m[36mTodo Load (4.5ms)[0m  [1m[34mSELECT "todos".* FROM "todos"[0m
  ↳ app/controllers/api/todos_controller.rb:4
Completed 200 OK in 25ms (Views: 10.0ms | ActiveRecord: 4.5ms)


Started GET "/" for ::1 at 2021-11-11 16:51:52 -0800
Processing by StaticPagesController#root as HTML
  Rendering static_pages/root.html.erb within layouts/application
  Rendered static_pages/root.html.erb within layouts/application (0.7ms)
Completed 200 OK in 338ms (Views: 337.0ms | ActiveRecord: 0.0ms)


Started GET "/api/todos" for ::1 at 2021-11-11 16:51:53 -0800
Processing by Api::TodosController#index as JSON
  [1m[36mTodo Load (1.3ms)[0m  [1m[34mSELECT "todos".* FROM "todos"[0m
  ↳ app/controllers/api/todos_controller.rb:4
Completed 200 OK in 5ms (Views: 3.1ms | ActiveRecord: 1.3ms)


Started POST "/api/todos" for ::1 at 2021-11-11 16:51:57 -0800
Processing by Api::TodosController#create as JSON
  Parameters: {"todo"=>{"title"=>"adsfsa", "body"=>"", "done"=>"false", "id"=>"926"}}
Unpermitted parameter: :id
  [1m[35m (1.7ms)[0m  [1m[35mBEGIN[0m
  ↳ app/controllers/api/todos_controller.rb:14
  [1m[35m (6.1ms)[0m  [1m[31mROLLBACK[0m
  ↳ app/controllers/api/todos_controller.rb:14
Completed 422 Unprocessable Entity in 41ms (Views: 0.3ms | ActiveRecord: 7.8ms)


Started GET "/" for ::1 at 2021-11-11 16:53:21 -0800
Processing by StaticPagesController#root as HTML
  Rendering static_pages/root.html.erb within layouts/application
  Rendered static_pages/root.html.erb within layouts/application (1.1ms)
Completed 200 OK in 280ms (Views: 279.2ms | ActiveRecord: 0.0ms)


Started GET "/api/todos" for ::1 at 2021-11-11 16:53:22 -0800
Processing by Api::TodosController#index as JSON
  [1m[36mTodo Load (2.1ms)[0m  [1m[34mSELECT "todos".* FROM "todos"[0m
  ↳ app/controllers/api/todos_controller.rb:4
Completed 200 OK in 37ms (Views: 25.1ms | ActiveRecord: 2.1ms)


Started POST "/api/todos" for ::1 at 2021-11-11 16:53:25 -0800
Processing by Api::TodosController#create as JSON
  Parameters: {"todo"=>{"title"=>"ads", "body"=>"", "done"=>"false", "id"=>"681"}}
Unpermitted parameter: :id
  [1m[35m (0.2ms)[0m  [1m[35mBEGIN[0m
  ↳ app/controllers/api/todos_controller.rb:14
  [1m[35m (2.9ms)[0m  [1m[31mROLLBACK[0m
  ↳ app/controllers/api/todos_controller.rb:14
Completed 422 Unprocessable Entity in 14ms (Views: 0.4ms | ActiveRecord: 3.1ms)


Started GET "/" for ::1 at 2021-11-11 16:54:45 -0800
Processing by StaticPagesController#root as HTML
  Rendering static_pages/root.html.erb within layouts/application
  Rendered static_pages/root.html.erb within layouts/application (0.7ms)
Completed 200 OK in 248ms (Views: 248.0ms | ActiveRecord: 0.0ms)


Started GET "/" for ::1 at 2021-11-11 16:56:43 -0800
Processing by StaticPagesController#root as HTML
  Rendering static_pages/root.html.erb within layouts/application
  Rendered static_pages/root.html.erb within layouts/application (1.5ms)
Completed 200 OK in 273ms (Views: 272.4ms | ActiveRecord: 0.0ms)


Started GET "/" for ::1 at 2021-11-11 16:58:21 -0800
Processing by StaticPagesController#root as HTML
  Rendering static_pages/root.html.erb within layouts/application
  Rendered static_pages/root.html.erb within layouts/application (0.7ms)
Completed 200 OK in 297ms (Views: 296.0ms | ActiveRecord: 0.0ms)


Started GET "/api/todos" for ::1 at 2021-11-11 16:58:22 -0800
Processing by Api::TodosController#index as JSON
  [1m[36mTodo Load (9.0ms)[0m  [1m[34mSELECT "todos".* FROM "todos"[0m
  ↳ app/controllers/api/todos_controller.rb:4
Completed 200 OK in 12ms (Views: 2.6ms | ActiveRecord: 9.0ms)


Started POST "/api/todos" for ::1 at 2021-11-11 16:58:26 -0800
Processing by Api::TodosController#create as JSON
  Parameters: {"todo"=>{"title"=>"asdfsd", "body"=>"", "done"=>"false", "id"=>"318"}}
Unpermitted parameter: :id
  [1m[35m (0.3ms)[0m  [1m[35mBEGIN[0m
  ↳ app/controllers/api/todos_controller.rb:14
  [1m[35m (0.2ms)[0m  [1m[31mROLLBACK[0m
  ↳ app/controllers/api/todos_controller.rb:14
Completed 422 Unprocessable Entity in 3ms (Views: 0.2ms | ActiveRecord: 0.4ms)


Started GET "/" for ::1 at 2021-11-11 16:59:00 -0800
Processing by StaticPagesController#root as HTML
  Rendering static_pages/root.html.erb within layouts/application
  Rendered static_pages/root.html.erb within layouts/application (1.5ms)
Completed 200 OK in 309ms (Views: 308.0ms | ActiveRecord: 0.0ms)


Started GET "/api/todos" for ::1 at 2021-11-11 16:59:01 -0800
Processing by Api::TodosController#index as JSON
  [1m[36mTodo Load (75.0ms)[0m  [1m[34mSELECT "todos".* FROM "todos"[0m
  ↳ app/controllers/api/todos_controller.rb:4
Completed 200 OK in 101ms (Views: 25.7ms | ActiveRecord: 75.0ms)


Started GET "/" for ::1 at 2021-11-11 16:59:25 -0800
Processing by StaticPagesController#root as HTML
  Rendering static_pages/root.html.erb within layouts/application
  Rendered static_pages/root.html.erb within layouts/application (0.7ms)
Completed 200 OK in 273ms (Views: 272.9ms | ActiveRecord: 0.0ms)


Started GET "/api/todos" for ::1 at 2021-11-11 16:59:26 -0800
Processing by Api::TodosController#index as JSON
  [1m[36mTodo Load (13.5ms)[0m  [1m[34mSELECT "todos".* FROM "todos"[0m
  ↳ app/controllers/api/todos_controller.rb:4
Completed 200 OK in 17ms (Views: 3.0ms | ActiveRecord: 13.5ms)


Started POST "/api/todos" for ::1 at 2021-11-11 16:59:30 -0800
Processing by Api::TodosController#create as JSON
  Parameters: {"todo"=>{"title"=>"asdf", "body"=>"", "done"=>"false", "id"=>"112"}}
Unpermitted parameter: :id
  [1m[35m (0.7ms)[0m  [1m[35mBEGIN[0m
  ↳ app/controllers/api/todos_controller.rb:14
  [1m[35m (0.5ms)[0m  [1m[31mROLLBACK[0m
  ↳ app/controllers/api/todos_controller.rb:14
Completed 422 Unprocessable Entity in 13ms (Views: 0.5ms | ActiveRecord: 1.2ms)


