Started GET "/" for ::1 at 2020-10-08 16:36:51 -0700
DEPRECATION WARNING: ActiveRecord::Base.raise_in_transactional_callbacks= is deprecated, has no effect and will be removed without replacement. (called from block (3 levels) in <class:Railtie> at /Users/carlosgarciajr/.rbenv/versions/2.5.1/lib/ruby/gems/2.5.0/gems/activerecord-5.0.7.2/lib/active_record/railtie.rb:113)
Processing by StaticPagesController#index as HTML
  Rendering static_pages/index.html.erb within layouts/application
  Rendered shared/_main_nav.html.erb (0.3ms)
  Rendered shared/_masthead.html.erb (0.2ms)
  Rendered shared/_sections_nav.html.erb (0.2ms)
  Rendered shared/_search_modal.html.erb (0.2ms)
  Rendered shared/_main_content.html.erb (0.2ms)
  Rendered static_pages/index.html.erb within layouts/application (15.2ms)
Completed 200 OK in 362ms (Views: 358.9ms | ActiveRecord: 0.0ms)


Started GET "/assets/application.self-5e5b219656abf8c4e83f7dfd5e5f4f415d8fe2348d16620303a4ed96d1b5a144.css?body=1" for ::1 at 2020-10-08 16:36:52 -0700
Started GET "/" for ::1 at 2020-10-08 16:36:53 -0700
Processing by StaticPagesController#index as HTML
  Rendering static_pages/index.html.erb within layouts/application
  Rendered shared/_main_nav.html.erb (0.2ms)
  Rendered shared/_masthead.html.erb (0.2ms)
  Rendered shared/_sections_nav.html.erb (0.2ms)
  Rendered shared/_search_modal.html.erb (0.2ms)
  Rendered shared/_main_content.html.erb (0.1ms)
  Rendered static_pages/index.html.erb within layouts/application (13.2ms)
Completed 200 OK in 29ms (Views: 26.9ms | ActiveRecord: 0.0ms)


Started GET "/" for ::1 at 2020-10-08 16:37:17 -0700
Processing by StaticPagesController#index as HTML
  Rendering static_pages/index.html.erb within layouts/application
  Rendered shared/_main_nav.html.erb (0.2ms)
  Rendered shared/_masthead.html.erb (0.2ms)
  Rendered shared/_sections_nav.html.erb (0.2ms)
  Rendered shared/_search_modal.html.erb (0.2ms)
  Rendered shared/_main_content.html.erb (0.2ms)
  Rendered static_pages/index.html.erb within layouts/application (14.6ms)
Completed 200 OK in 35ms (Views: 31.8ms | ActiveRecord: 0.0ms)


Started GET "/" for ::1 at 2020-10-08 16:37:20 -0700
Processing by StaticPagesController#index as HTML
  Rendering static_pages/index.html.erb within layouts/application
  Rendered shared/_main_nav.html.erb (0.2ms)
  Rendered shared/_masthead.html.erb (0.2ms)
  Rendered shared/_sections_nav.html.erb (0.2ms)
  Rendered shared/_search_modal.html.erb (0.2ms)
  Rendered shared/_main_content.html.erb (0.2ms)
  Rendered static_pages/index.html.erb within layouts/application (12.8ms)
Completed 200 OK in 30ms (Views: 27.7ms | ActiveRecord: 0.0ms)


Started GET "/" for ::1 at 2020-10-09 09:59:50 -0700
DEPRECATION WARNING: ActiveRecord::Base.raise_in_transactional_callbacks= is deprecated, has no effect and will be removed without replacement. (called from block (3 levels) in <class:Railtie> at /Users/carlosgarciajr/.rbenv/versions/2.5.1/lib/ruby/gems/2.5.0/gems/activerecord-5.0.7.2/lib/active_record/railtie.rb:113)
Processing by StaticPagesController#index as HTML
  Rendering static_pages/index.html.erb within layouts/application
  Rendered shared/_main_nav.html.erb (0.3ms)
  Rendered shared/_masthead.html.erb (0.2ms)
  Rendered shared/_sections_nav.html.erb (0.2ms)
  Rendered shared/_search_modal.html.erb (0.2ms)
  Rendered shared/_main_content.html.erb (0.2ms)
  Rendered static_pages/index.html.erb within layouts/application (15.4ms)
Completed 200 OK in 353ms (Views: 350.1ms | ActiveRecord: 0.0ms)


Started GET "/assets/application.self-7aae4f884d21c0f895d0e25909b4a3857ca3f7bdd4412baf28bf32a8b1f558b1.css?body=1" for ::1 at 2020-10-09 09:59:51 -0700
Started GET "/" for ::1 at 2020-10-09 10:00:16 -0700
Processing by StaticPagesController#index as HTML
  Rendering static_pages/index.html.erb within layouts/application
  Rendered shared/_main_nav.html.erb (0.2ms)
  Rendered shared/_masthead.html.erb (0.2ms)
  Rendered shared/_sections_nav.html.erb (0.1ms)
  Rendered shared/_search_modal.html.erb (0.2ms)
  Rendered shared/_main_content.html.erb (0.4ms)
  Rendered static_pages/index.html.erb within layouts/application (12.9ms)
Completed 200 OK in 34ms (Views: 30.5ms | ActiveRecord: 0.0ms)


Started GET "/assets/new_office.jpg" for ::1 at 2020-10-09 10:00:16 -0700
Started GET "/" for ::1 at 2020-10-09 10:03:51 -0700
Processing by StaticPagesController#index as HTML
  Rendering static_pages/index.html.erb within layouts/application
  Rendered shared/_main_nav.html.erb (0.2ms)
  Rendered shared/_masthead.html.erb (0.2ms)
  Rendered shared/_sections_nav.html.erb (0.3ms)
  Rendered shared/_search_modal.html.erb (0.2ms)
  Rendered shared/_main_content.html.erb (0.3ms)
  Rendered static_pages/index.html.erb within layouts/application (13.1ms)
Completed 200 OK in 109ms (Views: 104.9ms | ActiveRecord: 0.0ms)


Started GET "/assets/application.self-e229079662ba64eec2df88cc9898f07a6b5005419aa37c928d3d684a6d58d3e4.css?body=1" for ::1 at 2020-10-09 10:03:51 -0700
Started GET "/assets/new_office.jpg" for ::1 at 2020-10-09 10:03:51 -0700
Started GET "/" for ::1 at 2020-10-12 13:48:14 -0700
DEPRECATION WARNING: ActiveRecord::Base.raise_in_transactional_callbacks= is deprecated, has no effect and will be removed without replacement. (called from block (3 levels) in <class:Railtie> at /Users/carlosgarciajr/.rbenv/versions/2.5.1/lib/ruby/gems/2.5.0/gems/activerecord-5.0.7.2/lib/active_record/railtie.rb:113)
Processing by StaticPagesController#index as HTML
  Rendering static_pages/index.html.erb within layouts/application
  Rendered shared/_main_nav.html.erb (0.2ms)
  Rendered shared/_masthead.html.erb (0.1ms)
  Rendered shared/_sections_nav.html.erb (0.1ms)
  Rendered shared/_search_modal.html.erb (0.2ms)
  Rendered shared/_main_content.html.erb (0.3ms)
  Rendered static_pages/index.html.erb within layouts/application (14.5ms)
Completed 500 Internal Server Error in 194ms (ActiveRecord: 0.0ms)



Sass::SyntaxError - File to import not found or unreadable: base/grid.scss.
Load paths:
  /Users/carlosgarciajr/Documents/programming/app_academy_work/curriculum/html-css/projects/aa_times/skeleton/app/assets/images
  /Users/carlosgarciajr/Documents/programming/app_academy_work/curriculum/html-css/projects/aa_times/skeleton/app/assets/javascripts
  /Users/carlosgarciajr/Documents/programming/app_academy_work/curriculum/html-css/projects/aa_times/skeleton/app/assets/stylesheets
  /Users/carlosgarciajr/Documents/programming/app_academy_work/curriculum/html-css/projects/aa_times/skeleton/vendor/assets/javascripts
  /Users/carlosgarciajr/Documents/programming/app_academy_work/curriculum/html-css/projects/aa_times/skeleton/vendor/assets/stylesheets
  /Users/carlosgarciajr/.rbenv/versions/2.5.1/lib/ruby/gems/2.5.0/gems/jquery-rails-4.4.0/vendor/assets/javascripts
  /Users/carlosgarciajr/.rbenv/versions/2.5.1/lib/ruby/gems/2.5.0/gems/coffee-rails-4.2.2/lib/assets/javascripts
  /Users/carlosgarciajr/.rbenv/versions/2.5.1/lib/ruby/gems/2.5.0/gems/actioncable-5.0.7.2/lib/assets/compiled:
  app/views/layouts/application.html.erb:7:in `_app_views_layouts_application_html_erb___270333905406359367_70279989431840'

Started POST "/__better_errors/927a171e4587d656/variables" for ::1 at 2020-10-12 13:48:14 -0700
Started GET "/" for ::1 at 2020-10-12 13:48:41 -0700
Processing by StaticPagesController#index as HTML
  Rendering static_pages/index.html.erb within layouts/application
  Rendered shared/_main_nav.html.erb (0.2ms)
  Rendered shared/_masthead.html.erb (0.1ms)
  Rendered shared/_sections_nav.html.erb (0.3ms)
  Rendered shared/_search_modal.html.erb (0.3ms)
  Rendered shared/_main_content.html.erb (0.2ms)
  Rendered static_pages/index.html.erb within layouts/application (12.8ms)
Completed 200 OK in 110ms (Views: 107.4ms | ActiveRecord: 0.0ms)


Started GET "/assets/application.self-1237ad35a9ee79bd64030d4638d1fd80f6734c490eb538e0dd01d7af3c16bf40.css?body=1" for ::1 at 2020-10-12 13:48:41 -0700
Started GET "/" for ::1 at 2020-10-12 13:48:43 -0700
Processing by StaticPagesController#index as HTML
  Rendering static_pages/index.html.erb within layouts/application
  Rendered shared/_main_nav.html.erb (0.2ms)
  Rendered shared/_masthead.html.erb (0.2ms)
  Rendered shared/_sections_nav.html.erb (0.2ms)
  Rendered shared/_search_modal.html.erb (0.2ms)
  Rendered shared/_main_content.html.erb (0.2ms)
  Rendered static_pages/index.html.erb within layouts/application (13.1ms)
Completed 200 OK in 33ms (Views: 29.9ms | ActiveRecord: 0.0ms)


Started GET "/" for ::1 at 2020-10-12 13:55:52 -0700
DEPRECATION WARNING: ActiveRecord::Base.raise_in_transactional_callbacks= is deprecated, has no effect and will be removed without replacement. (called from block (3 levels) in <class:Railtie> at /Users/carlosgarciajr/.rbenv/versions/2.5.1/lib/ruby/gems/2.5.0/gems/activerecord-5.0.7.2/lib/active_record/railtie.rb:113)
Processing by StaticPagesController#index as HTML
  Rendering static_pages/index.html.erb within layouts/application
  Rendered shared/_main_nav.html.erb (0.2ms)
  Rendered shared/_masthead.html.erb (0.1ms)
  Rendered shared/_sections_nav.html.erb (0.3ms)
  Rendered shared/_search_modal.html.erb (0.2ms)
  Rendered shared/_main_content.html.erb (0.3ms)
  Rendered static_pages/index.html.erb within layouts/application (14.6ms)
Completed 200 OK in 257ms (Views: 254.8ms | ActiveRecord: 0.0ms)


Started GET "/assets/application.self-758afe40c177e32f890a8b8e23f11571b5d1785af915c0789bd6a19191afc6ab.css?body=1" for ::1 at 2020-10-12 13:55:52 -0700
Started GET "/assets/new_office.jpg" for ::1 at 2020-10-12 13:55:52 -0700
Started GET "/" for ::1 at 2020-10-12 13:56:32 -0700
Processing by StaticPagesController#index as HTML
  Rendering static_pages/index.html.erb within layouts/application
  Rendered shared/_main_nav.html.erb (0.1ms)
  Rendered shared/_masthead.html.erb (0.2ms)
  Rendered shared/_sections_nav.html.erb (0.1ms)
  Rendered shared/_search_modal.html.erb (0.3ms)
  Rendered shared/_main_content.html.erb (0.3ms)
  Rendered static_pages/index.html.erb within layouts/application (12.3ms)
Completed 200 OK in 75ms (Views: 72.8ms | ActiveRecord: 0.0ms)


Started GET "/assets/application.self-e229079662ba64eec2df88cc9898f07a6b5005419aa37c928d3d684a6d58d3e4.css?body=1" for ::1 at 2020-10-12 13:56:32 -0700
Started GET "/assets/new_office.jpg" for ::1 at 2020-10-12 13:56:32 -0700
Started GET "/" for ::1 at 2020-10-12 13:56:33 -0700
Processing by StaticPagesController#index as HTML
  Rendering static_pages/index.html.erb within layouts/application
  Rendered shared/_main_nav.html.erb (0.2ms)
  Rendered shared/_masthead.html.erb (0.2ms)
  Rendered shared/_sections_nav.html.erb (0.2ms)
  Rendered shared/_search_modal.html.erb (0.2ms)
  Rendered shared/_main_content.html.erb (0.2ms)
  Rendered static_pages/index.html.erb within layouts/application (12.9ms)
Completed 200 OK in 34ms (Views: 31.3ms | ActiveRecord: 0.0ms)


Started GET "/assets/new_office.jpg" for ::1 at 2020-10-12 13:56:33 -0700
Started GET "/" for ::1 at 2020-10-12 13:57:15 -0700
Processing by StaticPagesController#index as HTML
  Rendering static_pages/index.html.erb within layouts/application
  Rendered shared/_main_nav.html.erb (0.2ms)
  Rendered shared/_masthead.html.erb (0.2ms)
  Rendered shared/_sections_nav.html.erb (0.2ms)
  Rendered shared/_search_modal.html.erb (0.2ms)
  Rendered shared/_main_content.html.erb (0.3ms)
  Rendered static_pages/index.html.erb within layouts/application (12.6ms)
Completed 200 OK in 92ms (Views: 88.2ms | ActiveRecord: 0.0ms)


Started GET "/assets/application.self-7aae4f884d21c0f895d0e25909b4a3857ca3f7bdd4412baf28bf32a8b1f558b1.css?body=1" for ::1 at 2020-10-12 13:57:15 -0700
Started GET "/assets/new_office.jpg" for ::1 at 2020-10-12 13:57:15 -0700
Started GET "/" for ::1 at 2021-10-14 13:41:55 -0700
DEPRECATION WARNING: ActiveRecord::Base.raise_in_transactional_callbacks= is deprecated, has no effect and will be removed without replacement. (called from block (3 levels) in <class:Railtie> at /Users/shuangzheng/.rbenv/versions/2.5.1/lib/ruby/gems/2.5.0/gems/activerecord-5.0.7.2/lib/active_record/railtie.rb:113)
Processing by StaticPagesController#index as HTML
  Rendering static_pages/index.html.erb within layouts/application
  Rendered shared/_main_nav.html.erb (0.8ms)
  Rendered shared/_masthead.html.erb (0.9ms)
  Rendered shared/_sections_nav.html.erb (0.6ms)
  Rendered shared/_search_modal.html.erb (0.8ms)
  Rendered shared/_main_content.html.erb (0.5ms)
  Rendered static_pages/index.html.erb within layouts/application (286.7ms)
Completed 200 OK in 2451ms (Views: 2359.3ms | ActiveRecord: 0.0ms)


Started GET "/" for ::1 at 2021-10-14 13:41:59 -0700
Processing by StaticPagesController#index as HTML
  Rendering static_pages/index.html.erb within layouts/application
  Rendered shared/_main_nav.html.erb (0.8ms)
  Rendered shared/_masthead.html.erb (0.6ms)
  Rendered shared/_sections_nav.html.erb (0.5ms)
  Rendered shared/_search_modal.html.erb (0.8ms)
  Rendered shared/_main_content.html.erb (0.6ms)
  Rendered static_pages/index.html.erb within layouts/application (245.4ms)
Completed 200 OK in 451ms (Views: 431.4ms | ActiveRecord: 0.0ms)


Started GET "/assets/application.self-1362304ea3733c1d6087da1e73cfaac57875d89ea8061eac2036f75fbf71653e.css?body=1" for ::1 at 2021-10-14 13:42:00 -0700
Started GET "/assets/jquery_ujs.self-784a997f6726036b1993eb2217c9cb558e1cbb801c6da88105588c56f13b466a.js?body=1" for ::1 at 2021-10-14 13:42:00 -0700
Started GET "/assets/components/modal.self-52188644dbb47def5ee35ae02e69eb567ca9b664472357a8a5789dd39032a265.js?body=1" for ::1 at 2021-10-14 13:42:00 -0700
Started GET "/assets/components/sidebar.self-2a1277f850a6fa21e1a974ef5152f177ac05516477d5081d593bb137b3d6808b.js?body=1" for ::1 at 2021-10-14 13:42:00 -0700
Started GET "/assets/jquery.self-bd7ddd393353a8d2480a622e80342adf488fb6006d667e8b42e4c0073393abee.js?body=1" for ::1 at 2021-10-14 13:42:00 -0700
Started GET "/assets/application.self-f571b9db02bf4ed04c38a6a29072ac382f7d4f47db1fab9817aeadb0d8665235.js?body=1" for ::1 at 2021-10-14 13:42:00 -0700
Started GET "/assets/application.self-1362304ea3733c1d6087da1e73cfaac57875d89ea8061eac2036f75fbf71653e.css?body=1&livereload=1634244502346" for ::1 at 2021-10-14 13:48:22 -0700
Started GET "/assets/application.self-1362304ea3733c1d6087da1e73cfaac57875d89ea8061eac2036f75fbf71653e.css?body=1&livereload=1634244502358" for ::1 at 2021-10-14 13:48:22 -0700
Started GET "/assets/application.self-1362304ea3733c1d6087da1e73cfaac57875d89ea8061eac2036f75fbf71653e.css?body=1&livereload=1634244508874" for ::1 at 2021-10-14 13:48:28 -0700
Started GET "/assets/application.self-1362304ea3733c1d6087da1e73cfaac57875d89ea8061eac2036f75fbf71653e.css?body=1&livereload=1634244508880" for ::1 at 2021-10-14 13:48:28 -0700
Started GET "/assets/application.self-1362304ea3733c1d6087da1e73cfaac57875d89ea8061eac2036f75fbf71653e.css?body=1&livereload=1634244511398" for ::1 at 2021-10-14 13:48:31 -0700
Started GET "/assets/application.self-1362304ea3733c1d6087da1e73cfaac57875d89ea8061eac2036f75fbf71653e.css?body=1&livereload=1634244511402" for ::1 at 2021-10-14 13:48:31 -0700
Started GET "/assets/application.self-1362304ea3733c1d6087da1e73cfaac57875d89ea8061eac2036f75fbf71653e.css?body=1&livereload=1634244517939" for ::1 at 2021-10-14 13:48:37 -0700
Started GET "/assets/application.self-1362304ea3733c1d6087da1e73cfaac57875d89ea8061eac2036f75fbf71653e.css?body=1&livereload=1634244517942" for ::1 at 2021-10-14 13:48:37 -0700
Started GET "/assets/application.self-1362304ea3733c1d6087da1e73cfaac57875d89ea8061eac2036f75fbf71653e.css?body=1&livereload=1634244520037" for ::1 at 2021-10-14 13:48:40 -0700
Started GET "/assets/application.self-1362304ea3733c1d6087da1e73cfaac57875d89ea8061eac2036f75fbf71653e.css?body=1&livereload=1634244520042" for ::1 at 2021-10-14 13:48:40 -0700
Started GET "/assets/application.self-1362304ea3733c1d6087da1e73cfaac57875d89ea8061eac2036f75fbf71653e.css?body=1&livereload=1634244525990" for ::1 at 2021-10-14 13:48:46 -0700
Started GET "/assets/application.self-1362304ea3733c1d6087da1e73cfaac57875d89ea8061eac2036f75fbf71653e.css?body=1&livereload=1634244525986" for ::1 at 2021-10-14 13:48:46 -0700
Started GET "/assets/application.self-1362304ea3733c1d6087da1e73cfaac57875d89ea8061eac2036f75fbf71653e.css?body=1&livereload=1634244529958" for ::1 at 2021-10-14 13:48:49 -0700
Started GET "/assets/application.self-1362304ea3733c1d6087da1e73cfaac57875d89ea8061eac2036f75fbf71653e.css?body=1&livereload=1634244529961" for ::1 at 2021-10-14 13:48:49 -0700
Started GET "/assets/application.self-1362304ea3733c1d6087da1e73cfaac57875d89ea8061eac2036f75fbf71653e.css?body=1&livereload=1634244531868" for ::1 at 2021-10-14 13:48:51 -0700
Started GET "/assets/application.self-1362304ea3733c1d6087da1e73cfaac57875d89ea8061eac2036f75fbf71653e.css?body=1&livereload=1634244531872" for ::1 at 2021-10-14 13:48:51 -0700
Started GET "/assets/application.self-1362304ea3733c1d6087da1e73cfaac57875d89ea8061eac2036f75fbf71653e.css?body=1&livereload=1634244533996" for ::1 at 2021-10-14 13:48:54 -0700
Started GET "/assets/application.self-1362304ea3733c1d6087da1e73cfaac57875d89ea8061eac2036f75fbf71653e.css?body=1&livereload=1634244534001" for ::1 at 2021-10-14 13:48:54 -0700
Started GET "/assets/application.self-1362304ea3733c1d6087da1e73cfaac57875d89ea8061eac2036f75fbf71653e.css?body=1&livereload=1634244536886" for ::1 at 2021-10-14 13:48:56 -0700
Started GET "/assets/application.self-1362304ea3733c1d6087da1e73cfaac57875d89ea8061eac2036f75fbf71653e.css?body=1&livereload=1634244536889" for ::1 at 2021-10-14 13:48:56 -0700
Started GET "/assets/application.self-1362304ea3733c1d6087da1e73cfaac57875d89ea8061eac2036f75fbf71653e.css?body=1&livereload=1634244555989" for ::1 at 2021-10-14 13:49:15 -0700
Started GET "/assets/application.self-1362304ea3733c1d6087da1e73cfaac57875d89ea8061eac2036f75fbf71653e.css?body=1&livereload=1634244555993" for ::1 at 2021-10-14 13:49:16 -0700
Started GET "/assets/application.self-1362304ea3733c1d6087da1e73cfaac57875d89ea8061eac2036f75fbf71653e.css?body=1&livereload=1634244556515" for ::1 at 2021-10-14 13:49:16 -0700
Started GET "/assets/application.self-1362304ea3733c1d6087da1e73cfaac57875d89ea8061eac2036f75fbf71653e.css?body=1&livereload=1634244556522" for ::1 at 2021-10-14 13:49:16 -0700
Started GET "/assets/application.self-1362304ea3733c1d6087da1e73cfaac57875d89ea8061eac2036f75fbf71653e.css?body=1&livereload=1634244558967" for ::1 at 2021-10-14 13:49:19 -0700
Started GET "/assets/application.self-1362304ea3733c1d6087da1e73cfaac57875d89ea8061eac2036f75fbf71653e.css?body=1&livereload=1634244558970" for ::1 at 2021-10-14 13:49:19 -0700
Started GET "/assets/application.self-1362304ea3733c1d6087da1e73cfaac57875d89ea8061eac2036f75fbf71653e.css?body=1&livereload=1634244621349" for ::1 at 2021-10-14 13:50:21 -0700
Started GET "/assets/application.self-1362304ea3733c1d6087da1e73cfaac57875d89ea8061eac2036f75fbf71653e.css?body=1&livereload=1634244621352" for ::1 at 2021-10-14 13:50:21 -0700
Started GET "/assets/application.self-1362304ea3733c1d6087da1e73cfaac57875d89ea8061eac2036f75fbf71653e.css?body=1&livereload=1634244623344" for ::1 at 2021-10-14 13:50:23 -0700
Started GET "/assets/application.self-1362304ea3733c1d6087da1e73cfaac57875d89ea8061eac2036f75fbf71653e.css?body=1&livereload=1634244623340" for ::1 at 2021-10-14 13:50:23 -0700
Started GET "/assets/application.self-1362304ea3733c1d6087da1e73cfaac57875d89ea8061eac2036f75fbf71653e.css?body=1&livereload=1634244626306" for ::1 at 2021-10-14 13:50:26 -0700
Started GET "/assets/application.self-1362304ea3733c1d6087da1e73cfaac57875d89ea8061eac2036f75fbf71653e.css?body=1&livereload=1634244626310" for ::1 at 2021-10-14 13:50:26 -0700
Started GET "/assets/application.self-1362304ea3733c1d6087da1e73cfaac57875d89ea8061eac2036f75fbf71653e.css?body=1&livereload=1634244633479" for ::1 at 2021-10-14 13:50:33 -0700
Started GET "/assets/application.self-1362304ea3733c1d6087da1e73cfaac57875d89ea8061eac2036f75fbf71653e.css?body=1&livereload=1634244633483" for ::1 at 2021-10-14 13:50:33 -0700
Started GET "/assets/application.self-1362304ea3733c1d6087da1e73cfaac57875d89ea8061eac2036f75fbf71653e.css?body=1&livereload=1634244645781" for ::1 at 2021-10-14 13:50:45 -0700
Started GET "/assets/application.self-1362304ea3733c1d6087da1e73cfaac57875d89ea8061eac2036f75fbf71653e.css?body=1&livereload=1634244645778" for ::1 at 2021-10-14 13:50:45 -0700
Started GET "/assets/application.self-1362304ea3733c1d6087da1e73cfaac57875d89ea8061eac2036f75fbf71653e.css?body=1&livereload=1634244647744" for ::1 at 2021-10-14 13:50:47 -0700
Started GET "/assets/application.self-1362304ea3733c1d6087da1e73cfaac57875d89ea8061eac2036f75fbf71653e.css?body=1&livereload=1634244647747" for ::1 at 2021-10-14 13:50:47 -0700
Started GET "/assets/application.self-1362304ea3733c1d6087da1e73cfaac57875d89ea8061eac2036f75fbf71653e.css?body=1&livereload=1634244655688" for ::1 at 2021-10-14 13:50:55 -0700
Started GET "/assets/application.self-1362304ea3733c1d6087da1e73cfaac57875d89ea8061eac2036f75fbf71653e.css?body=1&livereload=1634244655693" for ::1 at 2021-10-14 13:50:55 -0700
Started GET "/assets/application.self-1362304ea3733c1d6087da1e73cfaac57875d89ea8061eac2036f75fbf71653e.css?body=1&livereload=1634244661783" for ::1 at 2021-10-14 13:51:01 -0700
Started GET "/assets/application.self-1362304ea3733c1d6087da1e73cfaac57875d89ea8061eac2036f75fbf71653e.css?body=1&livereload=1634244661786" for ::1 at 2021-10-14 13:51:01 -0700
Started GET "/assets/application.self-1362304ea3733c1d6087da1e73cfaac57875d89ea8061eac2036f75fbf71653e.css?body=1&livereload=1634244666177" for ::1 at 2021-10-14 13:51:06 -0700
Started GET "/assets/application.self-1362304ea3733c1d6087da1e73cfaac57875d89ea8061eac2036f75fbf71653e.css?body=1&livereload=1634244666173" for ::1 at 2021-10-14 13:51:06 -0700
Started GET "/assets/application.self-1362304ea3733c1d6087da1e73cfaac57875d89ea8061eac2036f75fbf71653e.css?body=1&livereload=1634244671857" for ::1 at 2021-10-14 13:51:11 -0700
Started GET "/assets/application.self-1362304ea3733c1d6087da1e73cfaac57875d89ea8061eac2036f75fbf71653e.css?body=1&livereload=1634244671859" for ::1 at 2021-10-14 13:51:11 -0700
Started GET "/assets/application.self-1362304ea3733c1d6087da1e73cfaac57875d89ea8061eac2036f75fbf71653e.css?body=1&livereload=1634244676904" for ::1 at 2021-10-14 13:51:16 -0700
Started GET "/assets/application.self-1362304ea3733c1d6087da1e73cfaac57875d89ea8061eac2036f75fbf71653e.css?body=1&livereload=1634244676907" for ::1 at 2021-10-14 13:51:16 -0700
Started GET "/assets/application.self-1362304ea3733c1d6087da1e73cfaac57875d89ea8061eac2036f75fbf71653e.css?body=1&livereload=1634244678357" for ::1 at 2021-10-14 13:51:18 -0700
Started GET "/assets/application.self-1362304ea3733c1d6087da1e73cfaac57875d89ea8061eac2036f75fbf71653e.css?body=1&livereload=1634244678353" for ::1 at 2021-10-14 13:51:18 -0700
Started GET "/assets/application.self-1362304ea3733c1d6087da1e73cfaac57875d89ea8061eac2036f75fbf71653e.css?body=1&livereload=1634244684777" for ::1 at 2021-10-14 13:51:24 -0700
Started GET "/assets/application.self-1362304ea3733c1d6087da1e73cfaac57875d89ea8061eac2036f75fbf71653e.css?body=1&livereload=1634244684780" for ::1 at 2021-10-14 13:51:24 -0700
Started GET "/assets/application.self-1362304ea3733c1d6087da1e73cfaac57875d89ea8061eac2036f75fbf71653e.css?body=1&livereload=1634244686879" for ::1 at 2021-10-14 13:51:26 -0700
Started GET "/assets/application.self-1362304ea3733c1d6087da1e73cfaac57875d89ea8061eac2036f75fbf71653e.css?body=1&livereload=1634244686876" for ::1 at 2021-10-14 13:51:26 -0700
Started GET "/assets/application.self-1362304ea3733c1d6087da1e73cfaac57875d89ea8061eac2036f75fbf71653e.css?body=1&livereload=1634244688821" for ::1 at 2021-10-14 13:51:28 -0700
Started GET "/assets/application.self-1362304ea3733c1d6087da1e73cfaac57875d89ea8061eac2036f75fbf71653e.css?body=1&livereload=1634244688824" for ::1 at 2021-10-14 13:51:28 -0700
Started GET "/assets/application.self-1362304ea3733c1d6087da1e73cfaac57875d89ea8061eac2036f75fbf71653e.css?body=1&livereload=1634244691991" for ::1 at 2021-10-14 13:51:32 -0700
Started GET "/assets/application.self-1362304ea3733c1d6087da1e73cfaac57875d89ea8061eac2036f75fbf71653e.css?body=1&livereload=1634244691994" for ::1 at 2021-10-14 13:51:32 -0700
Started GET "/assets/application.self-1362304ea3733c1d6087da1e73cfaac57875d89ea8061eac2036f75fbf71653e.css?body=1&livereload=1634244698901" for ::1 at 2021-10-14 13:51:38 -0700
Started GET "/assets/application.self-1362304ea3733c1d6087da1e73cfaac57875d89ea8061eac2036f75fbf71653e.css?body=1&livereload=1634244698898" for ::1 at 2021-10-14 13:51:38 -0700
Started GET "/assets/application.self-1362304ea3733c1d6087da1e73cfaac57875d89ea8061eac2036f75fbf71653e.css?body=1&livereload=1634244704921" for ::1 at 2021-10-14 13:51:44 -0700
Started GET "/assets/application.self-1362304ea3733c1d6087da1e73cfaac57875d89ea8061eac2036f75fbf71653e.css?body=1&livereload=1634244704923" for ::1 at 2021-10-14 13:51:44 -0700
Started GET "/assets/application.self-1362304ea3733c1d6087da1e73cfaac57875d89ea8061eac2036f75fbf71653e.css?body=1&livereload=1634244714401" for ::1 at 2021-10-14 13:51:54 -0700
Started GET "/assets/application.self-1362304ea3733c1d6087da1e73cfaac57875d89ea8061eac2036f75fbf71653e.css?body=1&livereload=1634244714405" for ::1 at 2021-10-14 13:51:54 -0700
Started GET "/assets/application.self-1362304ea3733c1d6087da1e73cfaac57875d89ea8061eac2036f75fbf71653e.css?body=1&livereload=1634244716060" for ::1 at 2021-10-14 13:51:56 -0700
Started GET "/assets/application.self-1362304ea3733c1d6087da1e73cfaac57875d89ea8061eac2036f75fbf71653e.css?body=1&livereload=1634244716057" for ::1 at 2021-10-14 13:51:56 -0700
Started GET "/assets/application.self-1362304ea3733c1d6087da1e73cfaac57875d89ea8061eac2036f75fbf71653e.css?body=1&livereload=1634244757151" for ::1 at 2021-10-14 13:52:37 -0700
Started GET "/assets/application.self-1362304ea3733c1d6087da1e73cfaac57875d89ea8061eac2036f75fbf71653e.css?body=1&livereload=1634244757154" for ::1 at 2021-10-14 13:52:37 -0700
Started GET "/assets/application.self-1362304ea3733c1d6087da1e73cfaac57875d89ea8061eac2036f75fbf71653e.css?body=1&livereload=1634244759137" for ::1 at 2021-10-14 13:52:39 -0700
Started GET "/assets/application.self-1362304ea3733c1d6087da1e73cfaac57875d89ea8061eac2036f75fbf71653e.css?body=1&livereload=1634244759135" for ::1 at 2021-10-14 13:52:39 -0700
Started GET "/assets/application.self-1362304ea3733c1d6087da1e73cfaac57875d89ea8061eac2036f75fbf71653e.css?body=1&livereload=1634244763333" for ::1 at 2021-10-14 13:52:43 -0700
Started GET "/assets/application.self-1362304ea3733c1d6087da1e73cfaac57875d89ea8061eac2036f75fbf71653e.css?body=1&livereload=1634244763328" for ::1 at 2021-10-14 13:52:43 -0700
Started GET "/assets/application.self-1362304ea3733c1d6087da1e73cfaac57875d89ea8061eac2036f75fbf71653e.css?body=1&livereload=1634244765148" for ::1 at 2021-10-14 13:52:45 -0700
Started GET "/assets/application.self-1362304ea3733c1d6087da1e73cfaac57875d89ea8061eac2036f75fbf71653e.css?body=1&livereload=1634244765151" for ::1 at 2021-10-14 13:52:45 -0700
Started GET "/assets/application.self-1362304ea3733c1d6087da1e73cfaac57875d89ea8061eac2036f75fbf71653e.css?body=1&livereload=1634244767336" for ::1 at 2021-10-14 13:52:47 -0700
Started GET "/assets/application.self-1362304ea3733c1d6087da1e73cfaac57875d89ea8061eac2036f75fbf71653e.css?body=1&livereload=1634244767339" for ::1 at 2021-10-14 13:52:47 -0700
Started GET "/assets/application.self-1362304ea3733c1d6087da1e73cfaac57875d89ea8061eac2036f75fbf71653e.css?body=1&livereload=1634244771265" for ::1 at 2021-10-14 13:52:51 -0700
Started GET "/assets/application.self-1362304ea3733c1d6087da1e73cfaac57875d89ea8061eac2036f75fbf71653e.css?body=1&livereload=1634244771268" for ::1 at 2021-10-14 13:52:51 -0700
Started GET "/assets/application.self-1362304ea3733c1d6087da1e73cfaac57875d89ea8061eac2036f75fbf71653e.css?body=1&livereload=1634244771806" for ::1 at 2021-10-14 13:52:51 -0700
Started GET "/assets/application.self-1362304ea3733c1d6087da1e73cfaac57875d89ea8061eac2036f75fbf71653e.css?body=1&livereload=1634244771844" for ::1 at 2021-10-14 13:52:51 -0700
Started GET "/assets/application.self-1362304ea3733c1d6087da1e73cfaac57875d89ea8061eac2036f75fbf71653e.css?body=1&livereload=1634244834305" for ::1 at 2021-10-14 13:53:54 -0700
Started GET "/assets/application.self-1362304ea3733c1d6087da1e73cfaac57875d89ea8061eac2036f75fbf71653e.css?body=1&livereload=1634244834308" for ::1 at 2021-10-14 13:53:54 -0700
Started GET "/assets/application.self-1362304ea3733c1d6087da1e73cfaac57875d89ea8061eac2036f75fbf71653e.css?body=1&livereload=1634244838765" for ::1 at 2021-10-14 13:53:58 -0700
Started GET "/assets/application.self-1362304ea3733c1d6087da1e73cfaac57875d89ea8061eac2036f75fbf71653e.css?body=1&livereload=1634244838761" for ::1 at 2021-10-14 13:53:58 -0700
Started GET "/assets/application.self-1362304ea3733c1d6087da1e73cfaac57875d89ea8061eac2036f75fbf71653e.css?body=1&livereload=1634244845803" for ::1 at 2021-10-14 13:54:05 -0700
Started GET "/assets/application.self-1362304ea3733c1d6087da1e73cfaac57875d89ea8061eac2036f75fbf71653e.css?body=1&livereload=1634244845807" for ::1 at 2021-10-14 13:54:05 -0700
Started GET "/assets/application.self-1362304ea3733c1d6087da1e73cfaac57875d89ea8061eac2036f75fbf71653e.css?body=1&livereload=1634244851916" for ::1 at 2021-10-14 13:54:11 -0700
Started GET "/assets/application.self-1362304ea3733c1d6087da1e73cfaac57875d89ea8061eac2036f75fbf71653e.css?body=1&livereload=1634244851918" for ::1 at 2021-10-14 13:54:11 -0700
Started GET "/assets/application.self-1362304ea3733c1d6087da1e73cfaac57875d89ea8061eac2036f75fbf71653e.css?body=1&livereload=1634244887069" for ::1 at 2021-10-14 13:54:47 -0700
Started GET "/assets/application.self-1362304ea3733c1d6087da1e73cfaac57875d89ea8061eac2036f75fbf71653e.css?body=1&livereload=1634244887073" for ::1 at 2021-10-14 13:54:47 -0700
Started GET "/assets/application.self-1362304ea3733c1d6087da1e73cfaac57875d89ea8061eac2036f75fbf71653e.css?body=1&livereload=1634244890151" for ::1 at 2021-10-14 13:54:50 -0700
Started GET "/assets/application.self-1362304ea3733c1d6087da1e73cfaac57875d89ea8061eac2036f75fbf71653e.css?body=1&livereload=1634244890155" for ::1 at 2021-10-14 13:54:50 -0700
Started GET "/assets/application.self-1362304ea3733c1d6087da1e73cfaac57875d89ea8061eac2036f75fbf71653e.css?body=1&livereload=1634244893211" for ::1 at 2021-10-14 13:54:53 -0700
Started GET "/assets/application.self-1362304ea3733c1d6087da1e73cfaac57875d89ea8061eac2036f75fbf71653e.css?body=1&livereload=1634244893214" for ::1 at 2021-10-14 13:54:53 -0700
Started GET "/assets/application.self-1362304ea3733c1d6087da1e73cfaac57875d89ea8061eac2036f75fbf71653e.css?body=1&livereload=1634244898228" for ::1 at 2021-10-14 13:54:58 -0700
Started GET "/assets/application.self-1362304ea3733c1d6087da1e73cfaac57875d89ea8061eac2036f75fbf71653e.css?body=1&livereload=1634244898231" for ::1 at 2021-10-14 13:54:58 -0700
Started GET "/assets/application.self-1362304ea3733c1d6087da1e73cfaac57875d89ea8061eac2036f75fbf71653e.css?body=1&livereload=1634244901269" for ::1 at 2021-10-14 13:55:01 -0700
Started GET "/assets/application.self-1362304ea3733c1d6087da1e73cfaac57875d89ea8061eac2036f75fbf71653e.css?body=1&livereload=1634244901264" for ::1 at 2021-10-14 13:55:01 -0700
Started GET "/assets/application.self-1362304ea3733c1d6087da1e73cfaac57875d89ea8061eac2036f75fbf71653e.css?body=1&livereload=1634244904134" for ::1 at 2021-10-14 13:55:04 -0700
Started GET "/assets/application.self-1362304ea3733c1d6087da1e73cfaac57875d89ea8061eac2036f75fbf71653e.css?body=1&livereload=1634244904137" for ::1 at 2021-10-14 13:55:04 -0700
Started GET "/assets/application.self-1362304ea3733c1d6087da1e73cfaac57875d89ea8061eac2036f75fbf71653e.css?body=1&livereload=1634244907148" for ::1 at 2021-10-14 13:55:07 -0700
Started GET "/assets/application.self-1362304ea3733c1d6087da1e73cfaac57875d89ea8061eac2036f75fbf71653e.css?body=1&livereload=1634244907150" for ::1 at 2021-10-14 13:55:07 -0700
Started GET "/assets/application.self-1362304ea3733c1d6087da1e73cfaac57875d89ea8061eac2036f75fbf71653e.css?body=1&livereload=1634244908163" for ::1 at 2021-10-14 13:55:08 -0700
Started GET "/assets/application.self-1362304ea3733c1d6087da1e73cfaac57875d89ea8061eac2036f75fbf71653e.css?body=1&livereload=1634244908180" for ::1 at 2021-10-14 13:55:08 -0700
Started GET "/assets/application.self-1362304ea3733c1d6087da1e73cfaac57875d89ea8061eac2036f75fbf71653e.css?body=1&livereload=1634244914171" for ::1 at 2021-10-14 13:55:14 -0700
Started GET "/assets/application.self-1362304ea3733c1d6087da1e73cfaac57875d89ea8061eac2036f75fbf71653e.css?body=1&livereload=1634244914169" for ::1 at 2021-10-14 13:55:14 -0700
Started GET "/assets/application.self-1362304ea3733c1d6087da1e73cfaac57875d89ea8061eac2036f75fbf71653e.css?body=1&livereload=1634244916285" for ::1 at 2021-10-14 13:55:16 -0700
Started GET "/assets/application.self-1362304ea3733c1d6087da1e73cfaac57875d89ea8061eac2036f75fbf71653e.css?body=1&livereload=1634244916287" for ::1 at 2021-10-14 13:55:16 -0700
Started GET "/assets/application.self-1362304ea3733c1d6087da1e73cfaac57875d89ea8061eac2036f75fbf71653e.css?body=1&livereload=1634244925348" for ::1 at 2021-10-14 13:55:25 -0700
Started GET "/assets/application.self-1362304ea3733c1d6087da1e73cfaac57875d89ea8061eac2036f75fbf71653e.css?body=1&livereload=1634244925351" for ::1 at 2021-10-14 13:55:25 -0700
